mode: set
github.com/Prateek766/bookings/cmd/web/main.go:22.13,24.16 2 0
github.com/Prateek766/bookings/cmd/web/main.go:24.16,26.3 1 0
github.com/Prateek766/bookings/cmd/web/main.go:31.2,39.16 4 0
github.com/Prateek766/bookings/cmd/web/main.go:39.16,41.3 1 0
github.com/Prateek766/bookings/cmd/web/main.go:43.18,59.16 10 1
github.com/Prateek766/bookings/cmd/web/main.go:59.16,62.3 2 0
github.com/Prateek766/bookings/cmd/web/main.go:63.2,70.12 6 1
github.com/Prateek766/bookings/cmd/web/middleware.go:9.45,20.2 3 1
github.com/Prateek766/bookings/cmd/web/middleware.go:22.50,24.2 1 1
github.com/Prateek766/bookings/cmd/web/routes.go:12.49,37.2 18 1
