mode: set
github.com/Prateek766/bookings/internal/handlers/handlers.go:21.47,25.2 1 1
github.com/Prateek766/bookings/internal/handlers/handlers.go:28.33,30.2 1 1
github.com/Prateek766/bookings/internal/handlers/handlers.go:32.67,37.2 1 1
github.com/Prateek766/bookings/internal/handlers/handlers.go:39.68,41.2 1 1
github.com/Prateek766/bookings/internal/handlers/handlers.go:43.74,52.2 4 1
github.com/Prateek766/bookings/internal/handlers/handlers.go:54.78,56.16 2 1
github.com/Prateek766/bookings/internal/handlers/handlers.go:56.16,59.3 2 0
github.com/Prateek766/bookings/internal/handlers/handlers.go:61.2,72.19 6 1
github.com/Prateek766/bookings/internal/handlers/handlers.go:72.19,81.3 4 0
github.com/Prateek766/bookings/internal/handlers/handlers.go:83.2,85.66 2 1
github.com/Prateek766/bookings/internal/handlers/handlers.go:88.71,90.2 1 1
github.com/Prateek766/bookings/internal/handlers/handlers.go:92.69,94.2 1 1
github.com/Prateek766/bookings/internal/handlers/handlers.go:96.75,98.2 1 1
github.com/Prateek766/bookings/internal/handlers/handlers.go:99.79,104.2 3 1
github.com/Prateek766/bookings/internal/handlers/handlers.go:111.79,118.16 3 1
github.com/Prateek766/bookings/internal/handlers/handlers.go:118.16,120.3 1 0
github.com/Prateek766/bookings/internal/handlers/handlers.go:121.2,122.14 2 1
github.com/Prateek766/bookings/internal/handlers/handlers.go:125.70,127.2 1 1
github.com/Prateek766/bookings/internal/handlers/handlers.go:129.81,131.9 2 1
github.com/Prateek766/bookings/internal/handlers/handlers.go:131.9,136.3 4 1
github.com/Prateek766/bookings/internal/handlers/handlers.go:137.2,142.4 4 0
